<?xml version="1.0" encoding="utf-8"?><testsuites><testsuite name="pytest" errors="0" failures="0" skipped="0" tests="4" time="27.795" timestamp="2023-03-03T15:43:59.829048" hostname="DESKTOP-UD799V0"><testcase classname="tests.test_HomePage.TestHomePage" name="testFormSubmission[getData0]" time="10.633" /><testcase classname="tests.test_HomePage.TestHomePage" name="testFormSubmission[getData1]" time="2.820" /><testcase classname="tests.test_HomePage.TestHomePage" name="testFormSubmission[getData2]" time="2.739" /><testcase classname="tests.test_e2e.TestOne" name="test_e2e" time="11.565" /></testsuite></testsuites>