<?xml version="1.0" encoding="utf-8"?><testsuites><testsuite name="pytest" errors="0" failures="0" skipped="0" tests="4" time="26.482" timestamp="2023-03-03T15:49:16.998173" hostname="DESKTOP-UD799V0"><testcase classname="test_HomePage.TestHomePage" name="testFormSubmission[getData0]" time="10.631" /><testcase classname="test_HomePage.TestHomePage" name="testFormSubmission[getData1]" time="3.270" /><testcase classname="test_HomePage.TestHomePage" name="testFormSubmission[getData2]" time="2.992" /><testcase classname="test_e2e.TestOne" name="test_e2e" time="9.550" /></testsuite></testsuites>